<?xml version="1.0" encoding="UTF-8"?>
<!-- Generated by org.testng.reporters.JUnitXMLReporter -->
<testsuite ignored="0" hostname="HANDIQUE-PC" failures="0" tests="3" name="Default test" time="33.201" errors="0" timestamp="2023-12-23T13:06:23 IST">
  <testcase classname="testCase.LoginTest" name="Validate_login" time="13.25"/>
  <testcase classname="testCase.LoginTest" name="Validate_logo" time="0.052"/>
  <testcase classname="testCase.LoginTest" name="Validate_SignIn_Link" time="0.032"/>
</testsuite> <!-- Default test -->
