<?xml version="1.0" encoding="UTF-8"?>
<!-- Generated by org.testng.reporters.JUnitXMLReporter -->
<testsuite ignored="2" hostname="HANDIQUE-PC" failures="0" tests="1" name="Default test" time="93.87" errors="0" timestamp="2023-11-02T15:15:58 IST">
  <testcase classname="testCase.HomeTest" name="Validate_LabelName" time="0.041"/>
  <testcase classname="testCase.HomeTest" name="Validate_womenTop" time="0.0">
    <ignored/>
  </testcase> <!-- Validate_womenTop -->
  <testcase classname="testCase.HomeTest" name="Validate_PageTitle" time="0.0">
    <ignored/>
  </testcase> <!-- Validate_PageTitle -->
</testsuite> <!-- Default test -->
