<?xml version="1.0" encoding="UTF-8"?>
<!-- Generated by org.testng.reporters.JUnitXMLReporter -->
<testsuite ignored="0" hostname="HANDIQUE-PC" failures="2" tests="8" name="LUMA eCommerce TestCases" time="144.289" errors="0" timestamp="2023-11-02T17:57:56 IST">
  <testcase classname="testCase.LaunchTest" name="launch_url" time="9.588"/>
  <testcase classname="testCase.HomeTest" name="Validate_LabelName" time="0.075"/>
  <testcase classname="testCase.HomeTest" name="Validate_PageTitle" time="0.017"/>
  <testcase classname="testCase.HomeTest" name="Validate_womenTop" time="17.44">
    <failure type="java.lang.AssertionError" message="Page title do not match expected [New Luma Yoga Collection] but found [Jackets - Tops - Women]">
      <![CDATA[java.lang.AssertionError: Page title do not match expected [New Luma Yoga Collection] but found [Jackets - Tops - Women]
at testCase.HomeTest.Validate_womenTop(HomeTest.java:77)
at java.base/java.util.ArrayList.forEach(ArrayList.java:1511)
... Removed 32 stack frames]]>
    </failure>
  </testcase> <!-- Validate_womenTop -->
  <testcase classname="testCase.LoginTest" name="Validate_login" time="15.005"/>
  <testcase classname="testCase.LoginTest" name="Validate_invalidLogin" time="15.143">
    <failure type="java.lang.AssertionError" message="Incorrect login credentials. expected [Welcome, Pranjal Handique!] but found [Click “Write for us” link in the footer to submit a guest post]">
      <![CDATA[java.lang.AssertionError: Incorrect login credentials. expected [Welcome, Pranjal Handique!] but found [Click “Write for us” link in the footer to submit a guest post]
at testCase.LoginTest.Validate_invalidLogin(LoginTest.java:70)
at java.base/java.util.ArrayList.forEach(ArrayList.java:1511)
... Removed 32 stack frames]]>
    </failure>
  </testcase> <!-- Validate_invalidLogin -->
  <testcase classname="testCase.LoginTest" name="Validate_logo" time="0.043"/>
  <testcase classname="testCase.LoginTest" name="Validate_SignIn_Link" time="0.051"/>
</testsuite> <!-- LUMA eCommerce TestCases -->
