<?xml version="1.0" encoding="UTF-8"?>
<testng-results ignored="0" total="3" passed="3" failed="0" skipped="0">
  <reporter-output>
  </reporter-output>
  <suite started-at="2023-12-23T13:05:49 IST" name="Default suite" finished-at="2023-12-23T13:06:23 IST" duration-ms="33201">
    <groups>
    </groups>
    <test started-at="2023-12-23T13:05:49 IST" name="Default test" finished-at="2023-12-23T13:06:23 IST" duration-ms="33201">
      <class name="testCase.LoginTest">
        <test-method is-config="true" signature="launch_URL()[pri:0, instance:testCase.LoginTest@481a996b]" started-at="2023-12-23T13:05:49 IST" name="launch_URL" finished-at="2023-12-23T13:05:56 IST" duration-ms="6968" status="PASS">
          <reporter-output>
          </reporter-output>
        </test-method> <!-- launch_URL -->
        <test-method signature="Validate_login()[pri:1, instance:testCase.LoginTest@481a996b]" started-at="2023-12-23T13:05:56 IST" name="Validate_login" finished-at="2023-12-23T13:06:10 IST" duration-ms="13250" status="PASS">
          <reporter-output>
          </reporter-output>
        </test-method> <!-- Validate_login -->
        <test-method is-config="true" signature="tearDown()[pri:0, instance:testCase.LoginTest@481a996b]" started-at="2023-12-23T13:06:10 IST" name="tearDown" finished-at="2023-12-23T13:06:10 IST" duration-ms="306" status="PASS">
          <reporter-output>
          </reporter-output>
        </test-method> <!-- tearDown -->
        <test-method is-config="true" signature="launch_URL()[pri:0, instance:testCase.LoginTest@481a996b]" started-at="2023-12-23T13:06:10 IST" name="launch_URL" finished-at="2023-12-23T13:06:17 IST" duration-ms="7018" status="PASS">
          <reporter-output>
          </reporter-output>
        </test-method> <!-- launch_URL -->
        <test-method signature="Validate_logo()[pri:3, instance:testCase.LoginTest@481a996b]" started-at="2023-12-23T13:06:17 IST" name="Validate_logo" finished-at="2023-12-23T13:06:17 IST" duration-ms="52" status="PASS">
          <reporter-output>
          </reporter-output>
        </test-method> <!-- Validate_logo -->
        <test-method is-config="true" signature="tearDown()[pri:0, instance:testCase.LoginTest@481a996b]" started-at="2023-12-23T13:06:17 IST" name="tearDown" finished-at="2023-12-23T13:06:17 IST" duration-ms="135" status="PASS">
          <reporter-output>
          </reporter-output>
        </test-method> <!-- tearDown -->
        <test-method is-config="true" signature="launch_URL()[pri:0, instance:testCase.LoginTest@481a996b]" started-at="2023-12-23T13:06:17 IST" name="launch_URL" finished-at="2023-12-23T13:06:22 IST" duration-ms="5261" status="PASS">
          <reporter-output>
          </reporter-output>
        </test-method> <!-- launch_URL -->
        <test-method signature="Validate_SignIn_Link()[pri:4, instance:testCase.LoginTest@481a996b]" started-at="2023-12-23T13:06:22 IST" name="Validate_SignIn_Link" finished-at="2023-12-23T13:06:22 IST" duration-ms="32" status="PASS">
          <reporter-output>
          </reporter-output>
        </test-method> <!-- Validate_SignIn_Link -->
        <test-method is-config="true" signature="tearDown()[pri:0, instance:testCase.LoginTest@481a996b]" started-at="2023-12-23T13:06:22 IST" name="tearDown" finished-at="2023-12-23T13:06:23 IST" duration-ms="140" status="PASS">
          <reporter-output>
          </reporter-output>
        </test-method> <!-- tearDown -->
      </class> <!-- testCase.LoginTest -->
    </test> <!-- Default test -->
  </suite> <!-- Default suite -->
</testng-results>
