<?xml version="1.0" encoding="UTF-8"?>
<!-- Generated by org.testng.reporters.JUnitXMLReporter -->
<testsuite ignored="0" hostname="HANDIQUE-PC" failures="1" tests="8" name="Test" time="85.423" errors="0" timestamp="2023-10-31T22:56:40 IST">
  <testcase classname="testCase.LaunchTest" name="launch_url" time="4.133"/>
  <testcase classname="testCase.HomeTest" name="Validate_LabelName" time="0.032"/>
  <testcase classname="testCase.HomeTest" name="Validate_PageTitle" time="0.03"/>
  <testcase classname="testCase.HomeTest" name="Validate_womenTop" time="14.312"/>
  <testcase classname="testCase.LoginTest" name="Validate_login" time="11.038"/>
  <testcase classname="testCase.LoginTest" name="Validate_invalidLogin" time="9.316">
    <failure type="java.lang.AssertionError" message="Incorrect login credentials. expected [Welcome, Pranjal Handique!] but found [Click “Write for us” link in the footer to submit a guest post]">
      <![CDATA[java.lang.AssertionError: Incorrect login credentials. expected [Welcome, Pranjal Handique!] but found [Click “Write for us” link in the footer to submit a guest post]
at testCase.LoginTest.Validate_invalidLogin(LoginTest.java:51)
at java.base/java.util.ArrayList.forEach(ArrayList.java:1511)
... Removed 32 stack frames]]>
    </failure>
  </testcase> <!-- Validate_invalidLogin -->
  <testcase classname="testCase.LoginTest" name="Validate_logo" time="0.069"/>
  <testcase classname="testCase.LoginTest" name="Validate_SignIn_Link" time="0.041"/>
</testsuite> <!-- Test -->
